# JRE version: OpenJDK Runtime Environment (24.0.1+9) (build 24.0.1+9-30)
# Java VM: OpenJDK 64-Bit Server VM (24.0.1+9-30, mixed mode, sharing, tiered, compressed oops, compressed class ptrs, g1 gc, windows-amd64)
GC Precious Log:
 CardTable entry size: 512
 Card Set container configuration: InlinePtr #cards 4 size 8 Array Of Cards #cards 16 size 48 Howl #buckets 8 coarsen threshold 3686 Howl Bitmap #cards 512 size 80 coarsen threshold 460 Card regions per heap region 1 cards per card region 4096
 CPUs: 8 total, 8 available
 Memory: 16153M
 Large Page Support: Disabled
 NUMA Support: Disabled
 Compressed Oops: Enabled (Zero based)
 Heap Region Size: 2M
 Heap Min Capacity: 8M
 Heap Initial Capacity: 254M
 Heap Max Capacity: 4040M
 Pre-touch: Disabled
 Parallel Workers: 8
 Concurrent Workers: 2
 Concurrent Refinement Workers: 8
 Periodic GC: Disabled
Heap:
 garbage-first heap   total reserved 4136960K, committed 100352K, used 68263K [0x0000000703800000, 0x0000000800000000)
  region size 2048K, 14 young (28672K), 1 survivors (2048K)
 Metaspace       used 97049K, committed 97856K, reserved 1179648K
  class space    used 10651K, committed 11136K, reserved 1048576K
GC Heap History (20 events):
Event: 110928.194 GC heap before
{Heap before GC invocations=75 (full 0):
 garbage-first heap   total reserved 4136960K, committed 100352K, used 88621K [0x0000000703800000, 0x0000000800000000)
  region size 2048K, 24 young (49152K), 1 survivors (2048K)
 Metaspace       used 96884K, committed 97728K, reserved 1179648K
  class space    used 10659K, committed 11136K, reserved 1048576K
}
Event: 110928.204 GC heap after
{Heap after GC invocations=76 (full 0):
 garbage-first heap   total reserved 4136960K, committed 100352K, used 43709K [0x0000000703800000, 0x0000000800000000)
  region size 2048K, 1 young (2048K), 1 survivors (2048K)
 Metaspace       used 96884K, committed 97728K, reserved 1179648K
  class space    used 10659K, committed 11136K, reserved 1048576K
}
Event: 111279.164 GC heap before
{Heap before GC invocations=77 (full 0):
 garbage-first heap   total reserved 4136960K, committed 100352K, used 88765K [0x0000000703800000, 0x0000000800000000)
  region size 2048K, 24 young (49152K), 1 survivors (2048K)
 Metaspace       used 96879K, committed 97728K, reserved 1179648K
  class space    used 10657K, committed 11136K, reserved 1048576K
}
Event: 111279.171 GC heap after
{Heap after GC invocations=78 (full 0):
 garbage-first heap   total reserved 4136960K, committed 100352K, used 43794K [0x0000000703800000, 0x0000000800000000)
  region size 2048K, 1 young (2048K), 1 survivors (2048K)
 Metaspace       used 96879K, committed 97728K, reserved 1179648K
  class space    used 10657K, committed 11136K, reserved 1048576K
}
Event: 111609.072 GC heap before
{Heap before GC invocations=78 (full 0):
 garbage-first heap   total reserved 4136960K, committed 100352K, used 90898K [0x0000000703800000, 0x0000000800000000)
  region size 2048K, 24 young (49152K), 1 survivors (2048K)
 Metaspace       used 96936K, committed 97792K, reserved 1179648K
  class space    used 10657K, committed 11136K, reserved 1048576K
}
Event: 111609.092 GC heap after
{Heap after GC invocations=79 (full 0):
 garbage-first heap   total reserved 4136960K, committed 100352K, used 43665K [0x0000000703800000, 0x0000000800000000)
  region size 2048K, 1 young (2048K), 1 survivors (2048K)
 Metaspace       used 96936K, committed 97792K, reserved 1179648K
  class space    used 10657K, committed 11136K, reserved 1048576K
}
Event: 111965.973 GC heap before
{Heap before GC invocations=79 (full 0):
 garbage-first heap   total reserved 4136960K, committed 100352K, used 88721K [0x0000000703800000, 0x0000000800000000)
  region size 2048K, 24 young (49152K), 1 survivors (2048K)
 Metaspace       used 96945K, committed 97792K, reserved 1179648K
  class space    used 10657K, committed 11136K, reserved 1048576K
}
Event: 111965.992 GC heap after
{Heap after GC invocations=80 (full 0):
 garbage-first heap   total reserved 4136960K, committed 100352K, used 43562K [0x0000000703800000, 0x0000000800000000)
  region size 2048K, 1 young (2048K), 1 survivors (2048K)
 Metaspace       used 96945K, committed 97792K, reserved 1179648K
  class space    used 10657K, committed 11136K, reserved 1048576K
}
Event: 112311.082 GC heap before
{Heap before GC invocations=81 (full 0):
 garbage-first heap   total reserved 4136960K, committed 100352K, used 90666K [0x0000000703800000, 0x0000000800000000)
  region size 2048K, 24 young (49152K), 1 survivors (2048K)
 Metaspace       used 96965K, committed 97792K, reserved 1179648K
  class space    used 10657K, committed 11136K, reserved 1048576K
}
Event: 112311.094 GC heap after
{Heap after GC invocations=82 (full 0):
 garbage-first heap   total reserved 4136960K, committed 100352K, used 43766K [0x0000000703800000, 0x0000000800000000)
  region size 2048K, 1 young (2048K), 1 survivors (2048K)
 Metaspace       used 96965K, committed 97792K, reserved 1179648K
  class space    used 10657K, committed 11136K, reserved 1048576K
}
Event: 112664.938 GC heap before
{Heap before GC invocations=82 (full 0):
 garbage-first heap   total reserved 4136960K, committed 100352K, used 88822K [0x0000000703800000, 0x0000000800000000)
  region size 2048K, 24 young (49152K), 1 survivors (2048K)
 Metaspace       used 96968K, committed 97792K, reserved 1179648K
  class space    used 10657K, committed 11136K, reserved 1048576K
}
Event: 112664.958 GC heap after
{Heap after GC invocations=83 (full 0):
 garbage-first heap   total reserved 4136960K, committed 100352K, used 43397K [0x0000000703800000, 0x0000000800000000)
  region size 2048K, 1 young (2048K), 1 survivors (2048K)
 Metaspace       used 96968K, committed 97792K, reserved 1179648K
  class space    used 10657K, committed 11136K, reserved 1048576K
}
Event: 113324.699 GC heap before
{Heap before GC invocations=83 (full 0):
 garbage-first heap   total reserved 4136960K, committed 100352K, used 88453K [0x0000000703800000, 0x0000000800000000)
  region size 2048K, 24 young (49152K), 1 survivors (2048K)
 Metaspace       used 96983K, committed 97792K, reserved 1179648K
  class space    used 10658K, committed 11136K, reserved 1048576K
}
Event: 113324.717 GC heap after
{Heap after GC invocations=84 (full 0):
 garbage-first heap   total reserved 4136960K, committed 100352K, used 43846K [0x0000000703800000, 0x0000000800000000)
  region size 2048K, 1 young (2048K), 1 survivors (2048K)
 Metaspace       used 96983K, committed 97792K, reserved 1179648K
  class space    used 10658K, committed 11136K, reserved 1048576K
}
Event: 113681.568 GC heap before
{Heap before GC invocations=85 (full 0):
 garbage-first heap   total reserved 4136960K, committed 100352K, used 90950K [0x0000000703800000, 0x0000000800000000)
  region size 2048K, 24 young (49152K), 1 survivors (2048K)
 Metaspace       used 96984K, committed 97792K, reserved 1179648K
  class space    used 10659K, committed 11136K, reserved 1048576K
}
Event: 113681.578 GC heap after
{Heap after GC invocations=86 (full 0):
 garbage-first heap   total reserved 4136960K, committed 100352K, used 43581K [0x0000000703800000, 0x0000000800000000)
  region size 2048K, 1 young (2048K), 1 survivors (2048K)
 Metaspace       used 96984K, committed 97792K, reserved 1179648K
  class space    used 10659K, committed 11136K, reserved 1048576K
}
Event: 114035.507 GC heap before
{Heap before GC invocations=86 (full 0):
 garbage-first heap   total reserved 4136960K, committed 100352K, used 90685K [0x0000000703800000, 0x0000000800000000)
  region size 2048K, 24 young (49152K), 1 survivors (2048K)
 Metaspace       used 96993K, committed 97792K, reserved 1179648K
  class space    used 10659K, committed 11136K, reserved 1048576K
}
Event: 114035.604 GC heap after
{Heap after GC invocations=87 (full 0):
 garbage-first heap   total reserved 4136960K, committed 100352K, used 43368K [0x0000000703800000, 0x0000000800000000)
  region size 2048K, 1 young (2048K), 1 survivors (2048K)
 Metaspace       used 96993K, committed 97792K, reserved 1179648K
  class space    used 10659K, committed 11136K, reserved 1048576K
}
Event: 114386.462 GC heap before
{Heap before GC invocations=87 (full 0):
 garbage-first heap   total reserved 4136960K, committed 100352K, used 88424K [0x0000000703800000, 0x0000000800000000)
  region size 2048K, 24 young (49152K), 1 survivors (2048K)
 Metaspace       used 97002K, committed 97856K, reserved 1179648K
  class space    used 10659K, committed 11136K, reserved 1048576K
}
Event: 114386.472 GC heap after
{Heap after GC invocations=88 (full 0):
 garbage-first heap   total reserved 4136960K, committed 100352K, used 43687K [0x0000000703800000, 0x0000000800000000)
  region size 2048K, 1 young (2048K), 1 survivors (2048K)
 Metaspace       used 97002K, committed 97856K, reserved 1179648K
  class space    used 10659K, committed 11136K, reserved 1048576K
}

